<?xml version="1.0" encoding="UTF-8"?>
<!-- Generated by org.testng.reporters.JUnitReportReporter -->
<testsuite hostname="DESKTOP-PMHNFDC" failures="0" tests="2" name="testscripts.Assertion" time="17.721" errors="0" timestamp="2024-12-19T10:20:41 IST" skipped="0">
  <testcase classname="testscripts.Assertion" name="vertfySingleInputField" time="11.398"/>
  <testcase classname="testscripts.Assertion" name="verifySoftAssert" time="6.323"/>
</testsuite> <!-- testscripts.Assertion -->
