<?xml version="1.0" encoding="UTF-8"?>
<!-- Generated by org.testng.reporters.JUnitReportReporter -->
<testsuite hostname="DESKTOP-PMHNFDC" failures="0" tests="2" name="testng.BasicTestCase" time="0.293" errors="0" timestamp="2024-12-18T10:54:58 IST" skipped="0">
  <testcase classname="testng.BasicTestCase" name="testeCase04" time="0.266"/>
  <testcase classname="testng.BasicTestCase" name="testeCase05" time="0.027"/>
</testsuite> <!-- testng.BasicTestCase -->
