<?xml version="1.0" encoding="UTF-8"?>
<!-- Generated by org.testng.reporters.JUnitReportReporter -->
<testsuite hostname="DESKTOP-PMHNFDC" failures="0" tests="16" name="testng.DataProviderTest" time="0.089" errors="0" timestamp="2024-12-18T10:13:14 IST" skipped="0">
  <testcase classname="testng.DataProviderTest" name="testcase02" time="0.000"/>
  <testcase classname="testng.DataProviderTest" name="testcase03" time="0.008"/>
  <testcase classname="testng.DataProviderTest" name="testcase01" time="0.002"/>
  <testcase classname="testng.DataProviderTest" name="testCase04" time="0.023"/>
  <testcase classname="testng.DataProviderTest" name="testcase02" time="0.002"/>
  <testcase classname="testng.DataProviderTest" name="testCase04" time="0.005"/>
  <testcase classname="testng.DataProviderTest" name="testcase01" time="0.007"/>
  <testcase classname="testng.DataProviderTest" name="testcase02" time="0.002"/>
  <testcase classname="testng.DataProviderTest" name="testcase03" time="0.001"/>
  <testcase classname="testng.DataProviderTest" name="testCase04" time="0.003"/>
  <testcase classname="testng.DataProviderTest" name="testcase01" time="0.007"/>
  <testcase classname="testng.DataProviderTest" name="testcase03" time="0.003"/>
  <testcase classname="testng.DataProviderTest" name="testcase02" time="0.010"/>
  <testcase classname="testng.DataProviderTest" name="testCase04" time="0.011"/>
  <testcase classname="testng.DataProviderTest" name="testcase01" time="0.001"/>
  <testcase classname="testng.DataProviderTest" name="testcase03" time="0.004"/>
</testsuite> <!-- testng.DataProviderTest -->
