<?xml version="1.0" encoding="UTF-8"?>
<!-- Generated by org.testng.reporters.JUnitReportReporter -->
<testsuite hostname="DESKTOP-PMHNFDC" failures="0" tests="3" name="testng.BasicAnnotation" time="0.051" errors="0" timestamp="2024-12-18T10:13:14 IST" skipped="0">
  <testcase classname="testng.BasicAnnotation" name="testeCase01" time="0.037"/>
  <testcase classname="testng.BasicAnnotation" name="testeCase03" time="0.006"/>
  <testcase classname="testng.BasicAnnotation" name="testeCase02" time="0.008"/>
</testsuite> <!-- testng.BasicAnnotation -->
