<?xml version="1.0" encoding="UTF-8"?>
<!-- Generated by org.testng.reporters.JUnitReportReporter -->
<testsuite hostname="DESKTOP-PMHNFDC" failures="0" tests="2" name="testng.BeforeAfterMethod" time="0.024" errors="0" timestamp="2024-12-18T10:13:14 IST" skipped="0">
  <testcase classname="testng.BeforeAfterMethod" name="testeCase02" time="0.013"/>
  <testcase classname="testng.BeforeAfterMethod" name="testeCase01" time="0.011"/>
</testsuite> <!-- testng.BeforeAfterMethod -->
