<?xml version="1.0" encoding="UTF-8"?>
<!-- Generated by org.testng.reporters.JUnitReportReporter -->
<testsuite hostname="DESKTOP-PMHNFDC" failures="0" tests="1" name="testng.ParameterTest" time="0.015" errors="0" timestamp="2024-12-17T10:39:40 IST" skipped="0">
  <testcase classname="testng.ParameterTest" name="testCase01" time="0.015"/>
</testsuite> <!-- testng.ParameterTest -->
